mode: set
github.com/heathcliff26/containers/apps/speedtest-exporter/cmd/main.go:26.13,29.2 2 1
github.com/heathcliff26/containers/apps/speedtest-exporter/cmd/main.go:33.64,35.2 1 1
github.com/heathcliff26/containers/apps/speedtest-exporter/cmd/main.go:37.64,38.16 1 1
github.com/heathcliff26/containers/apps/speedtest-exporter/cmd/main.go:38.16,41.3 2 1
github.com/heathcliff26/containers/apps/speedtest-exporter/cmd/main.go:41.8,44.3 2 1
github.com/heathcliff26/containers/apps/speedtest-exporter/cmd/main.go:47.13,51.16 3 0
github.com/heathcliff26/containers/apps/speedtest-exporter/cmd/main.go:51.16,54.3 2 0
github.com/heathcliff26/containers/apps/speedtest-exporter/cmd/main.go:56.2,57.16 2 0
github.com/heathcliff26/containers/apps/speedtest-exporter/cmd/main.go:57.16,60.3 2 0
github.com/heathcliff26/containers/apps/speedtest-exporter/cmd/main.go:62.2,63.16 2 0
github.com/heathcliff26/containers/apps/speedtest-exporter/cmd/main.go:63.16,66.3 2 0
github.com/heathcliff26/containers/apps/speedtest-exporter/cmd/main.go:68.2,71.23 3 0
github.com/heathcliff26/containers/apps/speedtest-exporter/cmd/main.go:71.23,73.17 2 0
github.com/heathcliff26/containers/apps/speedtest-exporter/cmd/main.go:73.17,76.4 2 0
github.com/heathcliff26/containers/apps/speedtest-exporter/cmd/main.go:77.3,77.32 1 0
github.com/heathcliff26/containers/apps/speedtest-exporter/cmd/main.go:77.32,79.18 2 0
github.com/heathcliff26/containers/apps/speedtest-exporter/cmd/main.go:79.18,82.5 2 0
github.com/heathcliff26/containers/apps/speedtest-exporter/cmd/main.go:85.3,88.16 4 0
github.com/heathcliff26/containers/apps/speedtest-exporter/cmd/main.go:88.16,91.4 2 0
github.com/heathcliff26/containers/apps/speedtest-exporter/cmd/main.go:94.2,100.57 6 0
github.com/heathcliff26/containers/apps/speedtest-exporter/cmd/main.go:100.57,103.3 2 0
github.com/heathcliff26/containers/apps/speedtest-exporter/pkg/config/config.go:22.13,29.2 4 1
github.com/heathcliff26/containers/apps/speedtest-exporter/pkg/config/config.go:48.29,54.2 1 1
github.com/heathcliff26/containers/apps/speedtest-exporter/pkg/config/config.go:62.56,65.16 2 1
github.com/heathcliff26/containers/apps/speedtest-exporter/pkg/config/config.go:65.16,68.3 2 1
github.com/heathcliff26/containers/apps/speedtest-exporter/pkg/config/config.go:70.2,71.16 2 1
github.com/heathcliff26/containers/apps/speedtest-exporter/pkg/config/config.go:71.16,73.3 1 1
github.com/heathcliff26/containers/apps/speedtest-exporter/pkg/config/config.go:75.2,75.9 1 1
github.com/heathcliff26/containers/apps/speedtest-exporter/pkg/config/config.go:75.9,77.3 1 1
github.com/heathcliff26/containers/apps/speedtest-exporter/pkg/config/config.go:79.2,80.16 2 1
github.com/heathcliff26/containers/apps/speedtest-exporter/pkg/config/config.go:80.16,82.3 1 1
github.com/heathcliff26/containers/apps/speedtest-exporter/pkg/config/config.go:84.2,85.16 2 1
github.com/heathcliff26/containers/apps/speedtest-exporter/pkg/config/config.go:85.16,87.3 1 0
github.com/heathcliff26/containers/apps/speedtest-exporter/pkg/config/config.go:89.2,89.21 1 1
github.com/heathcliff26/containers/apps/speedtest-exporter/pkg/config/config.go:89.21,90.25 1 1
github.com/heathcliff26/containers/apps/speedtest-exporter/pkg/config/config.go:90.25,92.4 1 1
github.com/heathcliff26/containers/apps/speedtest-exporter/pkg/config/config.go:93.3,93.101 1 1
github.com/heathcliff26/containers/apps/speedtest-exporter/pkg/config/config.go:93.101,95.4 1 1
github.com/heathcliff26/containers/apps/speedtest-exporter/pkg/config/config.go:96.3,96.30 1 1
github.com/heathcliff26/containers/apps/speedtest-exporter/pkg/config/config.go:96.30,99.18 3 0
github.com/heathcliff26/containers/apps/speedtest-exporter/pkg/config/config.go:99.18,102.5 2 0
github.com/heathcliff26/containers/apps/speedtest-exporter/pkg/config/config.go:103.4,103.32 1 0
github.com/heathcliff26/containers/apps/speedtest-exporter/pkg/config/config.go:107.2,107.15 1 1
github.com/heathcliff26/containers/apps/speedtest-exporter/pkg/config/config.go:111.38,112.32 1 1
github.com/heathcliff26/containers/apps/speedtest-exporter/pkg/config/config.go:113.15,114.32 1 1
github.com/heathcliff26/containers/apps/speedtest-exporter/pkg/config/config.go:115.14,116.31 1 1
github.com/heathcliff26/containers/apps/speedtest-exporter/pkg/config/config.go:117.14,118.31 1 1
github.com/heathcliff26/containers/apps/speedtest-exporter/pkg/config/config.go:119.15,120.32 1 1
github.com/heathcliff26/containers/apps/speedtest-exporter/pkg/config/config.go:121.10,122.36 1 1
github.com/heathcliff26/containers/apps/speedtest-exporter/pkg/config/config.go:124.2,124.12 1 1
github.com/heathcliff26/containers/apps/speedtest-exporter/pkg/config/errors.go:9.45,11.2 1 0
github.com/heathcliff26/containers/apps/speedtest-exporter/pkg/config/errors.go:17.45,19.2 1 0
github.com/heathcliff26/containers/apps/speedtest-exporter/pkg/collector/collector.go:38.95,39.22 1 1
github.com/heathcliff26/containers/apps/speedtest-exporter/pkg/collector/collector.go:39.22,41.3 1 1
github.com/heathcliff26/containers/apps/speedtest-exporter/pkg/collector/collector.go:42.2,45.8 1 1
github.com/heathcliff26/containers/apps/speedtest-exporter/pkg/collector/collector.go:49.58,51.2 1 0
github.com/heathcliff26/containers/apps/speedtest-exporter/pkg/collector/collector.go:54.44,57.2 2 1
github.com/heathcliff26/containers/apps/speedtest-exporter/pkg/collector/collector.go:61.69,62.63 1 1
github.com/heathcliff26/containers/apps/speedtest-exporter/pkg/collector/collector.go:62.63,65.3 2 1
github.com/heathcliff26/containers/apps/speedtest-exporter/pkg/collector/collector.go:68.2,71.63 3 1
github.com/heathcliff26/containers/apps/speedtest-exporter/pkg/collector/collector.go:71.63,74.3 2 1
github.com/heathcliff26/containers/apps/speedtest-exporter/pkg/collector/collector.go:75.2,78.21 4 1
github.com/heathcliff26/containers/apps/speedtest-exporter/pkg/collector/collector.go:82.58,86.22 4 1
github.com/heathcliff26/containers/apps/speedtest-exporter/pkg/collector/collector.go:86.22,94.3 7 1
github.com/heathcliff26/containers/apps/speedtest-exporter/pkg/collector/collector.go:95.2,96.56 2 1
github.com/heathcliff26/containers/apps/speedtest-exporter/pkg/collector/errors.go:5.40,7.2 1 0
github.com/heathcliff26/containers/apps/speedtest-exporter/pkg/speedtest/mock-speedtest.go:9.54,10.23 1 0
github.com/heathcliff26/containers/apps/speedtest-exporter/pkg/speedtest/mock-speedtest.go:10.23,12.3 1 0
github.com/heathcliff26/containers/apps/speedtest-exporter/pkg/speedtest/mock-speedtest.go:13.2,13.12 1 0
github.com/heathcliff26/containers/apps/speedtest-exporter/pkg/speedtest/mock-speedtest.go:13.12,15.3 1 0
github.com/heathcliff26/containers/apps/speedtest-exporter/pkg/speedtest/mock-speedtest.go:16.2,16.17 1 0
github.com/heathcliff26/containers/apps/speedtest-exporter/pkg/speedtest/speedtest-cli.go:19.64,21.33 2 1
github.com/heathcliff26/containers/apps/speedtest-exporter/pkg/speedtest/speedtest-cli.go:21.33,23.3 1 0
github.com/heathcliff26/containers/apps/speedtest-exporter/pkg/speedtest/speedtest-cli.go:24.2,24.16 1 1
github.com/heathcliff26/containers/apps/speedtest-exporter/pkg/speedtest/speedtest-cli.go:24.16,26.3 1 1
github.com/heathcliff26/containers/apps/speedtest-exporter/pkg/speedtest/speedtest-cli.go:27.2,29.8 1 1
github.com/heathcliff26/containers/apps/speedtest-exporter/pkg/speedtest/speedtest-cli.go:33.38,35.2 1 1
github.com/heathcliff26/containers/apps/speedtest-exporter/pkg/speedtest/speedtest-cli.go:37.43,39.2 1 0
github.com/heathcliff26/containers/apps/speedtest-exporter/pkg/speedtest/speedtest-cli.go:42.53,48.16 6 1
github.com/heathcliff26/containers/apps/speedtest-exporter/pkg/speedtest/speedtest-cli.go:48.16,51.3 2 0
github.com/heathcliff26/containers/apps/speedtest-exporter/pkg/speedtest/speedtest-cli.go:53.2,55.16 3 1
github.com/heathcliff26/containers/apps/speedtest-exporter/pkg/speedtest/speedtest-cli.go:55.16,58.3 2 0
github.com/heathcliff26/containers/apps/speedtest-exporter/pkg/speedtest/speedtest-cli.go:60.2,76.133 5 1
github.com/heathcliff26/containers/apps/speedtest-exporter/pkg/speedtest/speedtest-go.go:13.34,15.2 1 1
github.com/heathcliff26/containers/apps/speedtest-exporter/pkg/speedtest/speedtest-go.go:18.52,22.16 3 1
github.com/heathcliff26/containers/apps/speedtest-exporter/pkg/speedtest/speedtest-go.go:22.16,25.3 2 0
github.com/heathcliff26/containers/apps/speedtest-exporter/pkg/speedtest/speedtest-go.go:26.2,27.16 2 1
github.com/heathcliff26/containers/apps/speedtest-exporter/pkg/speedtest/speedtest-go.go:27.16,30.3 2 0
github.com/heathcliff26/containers/apps/speedtest-exporter/pkg/speedtest/speedtest-go.go:31.2,31.23 1 1
github.com/heathcliff26/containers/apps/speedtest-exporter/pkg/speedtest/speedtest-go.go:31.23,34.3 2 0
github.com/heathcliff26/containers/apps/speedtest-exporter/pkg/speedtest/speedtest-go.go:35.2,38.16 3 1
github.com/heathcliff26/containers/apps/speedtest-exporter/pkg/speedtest/speedtest-go.go:38.16,41.3 2 0
github.com/heathcliff26/containers/apps/speedtest-exporter/pkg/speedtest/speedtest-go.go:42.2,43.16 2 1
github.com/heathcliff26/containers/apps/speedtest-exporter/pkg/speedtest/speedtest-go.go:43.16,46.3 2 0
github.com/heathcliff26/containers/apps/speedtest-exporter/pkg/speedtest/speedtest-go.go:48.2,62.167 3 1
github.com/heathcliff26/containers/apps/speedtest-exporter/pkg/speedtest/types.go:19.50,23.2 1 1
github.com/heathcliff26/containers/apps/speedtest-exporter/pkg/speedtest/types.go:26.176,37.2 1 1
github.com/heathcliff26/containers/apps/speedtest-exporter/pkg/speedtest/types.go:40.51,42.2 1 0
github.com/heathcliff26/containers/apps/speedtest-exporter/pkg/speedtest/types.go:45.42,47.2 1 0
github.com/heathcliff26/containers/apps/speedtest-exporter/pkg/speedtest/types.go:50.51,52.2 1 1
github.com/heathcliff26/containers/apps/speedtest-exporter/pkg/speedtest/types.go:55.49,57.2 1 1
github.com/heathcliff26/containers/apps/speedtest-exporter/pkg/speedtest/types.go:60.46,62.2 1 1
github.com/heathcliff26/containers/apps/speedtest-exporter/pkg/speedtest/types.go:65.46,67.2 1 1
github.com/heathcliff26/containers/apps/speedtest-exporter/pkg/speedtest/types.go:70.45,72.2 1 1
github.com/heathcliff26/containers/apps/speedtest-exporter/pkg/speedtest/types.go:75.42,77.2 1 1
github.com/heathcliff26/containers/apps/speedtest-exporter/pkg/speedtest/util.go:4.47,6.2 1 1
github.com/heathcliff26/containers/apps/speedtest-exporter/pkg/speedtest/util.go:9.44,11.2 1 1
